1684943626557|DDSNode | Installer le plugin dds
1684943626603|DDSNode | Connexion
1684943626605|DDSNode | Fin connexion
1684943627623|DDSPlugin |  getWriterURI
1684943627624|DDSPlugin | Write topic : Notification
1684943627626|DDSPlugin | Propager topic : Notes
1684943627626|DDSNode | Write topic :Notes
1684943627626|LockPlugin | Lock topic :Notes
1684943627627|LockPlugin | Fin lock topic :Notes Succes : true
1684943627627|LockPlugin | Unlock topic :Notes
1684943627627|LockPlugin | fin unLock topic :Notes
1684943627627|LockPlugin | unlock topic :Notes not found
1684943627627|DDSNode | Fin Write topic :Notes
1684943627627|DDSPlugin | Fin propager topic : Notes
1684943627634|DDSPlugin | Fin write topic : Notification
1684943627639|DDSPlugin |  getWriterURI
1684943627639|DDSPlugin | Write topic : Notification
1684943627648|DDSPlugin | Propager topic : Temperatures
1684943627648|DDSNode | Write topic :Temperatures
1684943627648|LockPlugin | Lock topic :Temperatures
1684943627648|LockPlugin | Fin lock topic :Temperatures Succes : true
1684943627648|LockPlugin | Unlock topic :Temperatures
1684943627648|LockPlugin | fin unLock topic :Temperatures
1684943627648|LockPlugin | unlock topic :Temperatures not found
1684943627648|DDSNode | Fin Write topic :Temperatures
1684943627649|DDSPlugin | Fin write topic : Notification
1684943627655|DDSPlugin | Fin propager topic : Temperatures
1684943627695|DDSPlugin |  getWriterURI
1684943627695|DDSPlugin | Write topic : Temperatures
1684943627695|DDSPlugin | Propager topic : Temperatures
1684943627696|DDSNode | Write topic :Temperatures
1684943627696|LockPlugin | Lock topic :Temperatures
1684943627696|LockPlugin | Fin lock topic :Temperatures Succes : true
1684943627696|LockPlugin | Unlock topic :Temperatures
1684943627696|LockPlugin | fin unLock topic :Temperatures
1684943627696|LockPlugin | unlock topic :Temperatures not found
1684943627696|DDSNode | Fin Write topic :Temperatures
1684943627699|DDSPlugin | Propager topic : Notes
1684943627699|DDSNode | Write topic :Notes
1684943627699|LockPlugin | Lock topic :Notes
1684943627699|LockPlugin | Fin lock topic :Notes Succes : true
1684943627699|LockPlugin | Unlock topic :Notes
1684943627699|LockPlugin | fin unLock topic :Notes
1684943627699|LockPlugin | unlock topic :Notes not found
1684943627699|DDSNode | Fin Write topic :Notes
1684943627705|DDSPlugin | Fin propager topic : Temperatures
1684943627705|DDSPlugin | Fin write topic : Temperatures
1684943627706|DDSPlugin | Fin propager topic : Notes
1684943630637|DDSPlugin |  getReaderURI
1684943630637|DDSPlugin | Take topic : Notification
1684943630637|DDSPlugin | Take topic : Notification get from topic
1684943630641|LockPlugin | Propagate Lock topic :Notification id = 549aacf9-7f56-4861-86cd-0309e619f09d
1684943630642|LockPlugin | Propagate Lock topic :Notification id = 549aacf9-7f56-4861-86cd-0309e619f09d
1684943630652|DDSPlugin |  getReaderURI
1684943630652|DDSPlugin | Take topic : Notification
1684943630652|DDSPlugin | Take topic : Notification get from topic
1684943630656|LockPlugin | Propagate unlock topic :Notification id propagation = 549aacf9-7f56-4861-86cd-0309e619f09d id propagationUnlock = e3caab80-8a76-4433-af4e-88f213aace8e
1684943630656|LockPlugin | Fin propagate unlock topic :Notification id propagation = 549aacf9-7f56-4861-86cd-0309e619f09d id propagationUnlock = e3caab80-8a76-4433-af4e-88f213aace8e
1684943630657|LockPlugin | Propagate Lock topic :Notification id = 5b5ae755-2eee-4225-b96e-f80d6f678797
1684943630658|LockPlugin | Propagate unlock topic :Notification id propagation = 549aacf9-7f56-4861-86cd-0309e619f09d id propagationUnlock = e3caab80-8a76-4433-af4e-88f213aace8e
1684943630659|LockPlugin | Propagate Lock topic :Notification id = 5b5ae755-2eee-4225-b96e-f80d6f678797
1684943630659|DDSPlugin | AcceptResult
1684943630659|DDSPlugin | Fin take topic : Notification
1684943630660|DDSPlugin | Fin acceptResult
1684943630661|LockPlugin | Propagate unlock topic :Notification id propagation = 5b5ae755-2eee-4225-b96e-f80d6f678797 id propagationUnlock = 87cf9c82-ae83-4c7a-a484-3b82d8e8eefe
1684943630661|LockPlugin | Fin propagate unlock topic :Notification id propagation = 5b5ae755-2eee-4225-b96e-f80d6f678797 id propagationUnlock = 87cf9c82-ae83-4c7a-a484-3b82d8e8eefe
1684943630662|LockPlugin | Propagate unlock topic :Notification id propagation = 5b5ae755-2eee-4225-b96e-f80d6f678797 id propagationUnlock = 87cf9c82-ae83-4c7a-a484-3b82d8e8eefe
1684943630663|DDSPlugin | AcceptResult
1684943630663|DDSPlugin | Fin take topic : Notification
1684943630664|DDSPlugin | Fin acceptResult
1684943630712|DDSPlugin |  getReaderURI
1684943630712|DDSPlugin |  read topic : Temperatures
1684943630713|DDSNode | Read topic :Temperatures
1684943630713|LockPlugin | Lock topic :Temperatures
1684943630713|LockPlugin | Fin lock topic :Temperatures Succes : true
1684943630713|LockPlugin | Unlock topic :Temperatures
1684943630713|LockPlugin | fin unLock topic :Temperatures
1684943630713|LockPlugin | unlock topic :Temperatures not found
1684943630713|DDSNode | Fin read topic :Temperatures
1684943646627|DDSNode | Fin
